0 info it worked if it ends with ok
1 verbose cli [ 'node',
1 verbose cli   '/usr/local/bin/npm',
1 verbose cli   'install',
1 verbose cli   'gulp-tslint-stylish',
1 verbose cli   '--save-devjshint',
1 verbose cli   '--reporter=node_modules/jshint-stylish',
1 verbose cli   'file.jsasdasf' ]
2 info using npm@3.5.3
3 info using node@v0.12.0
4 silly loadCurrentTree Starting
5 silly install loadCurrentTree
6 silly install readLocalPackageData
7 silly fetchPackageMetaData gulp-tslint-stylish@^1.1.1
8 silly fetchPackageMetaData file.jsasdasf
9 silly fetchNamedPackageData gulp-tslint-stylish
10 silly mapToRegistry name gulp-tslint-stylish
11 silly mapToRegistry using default registry
12 silly mapToRegistry registry https://registry.npmjs.org/
13 silly mapToRegistry uri https://registry.npmjs.org/gulp-tslint-stylish
14 silly fetchNamedPackageData file.jsasdasf
15 silly mapToRegistry name file.jsasdasf
16 silly mapToRegistry using default registry
17 silly mapToRegistry registry https://registry.npmjs.org/
18 silly mapToRegistry uri https://registry.npmjs.org/file.jsasdasf
19 verbose request uri https://registry.npmjs.org/gulp-tslint-stylish
20 verbose request no auth needed
21 info attempt registry request try #1 at 10:52:45 AM
22 verbose request id decc9d824b9722d2
23 verbose etag "57YKM8EU13KSAMV2CCFPMPE0O"
24 http request GET https://registry.npmjs.org/gulp-tslint-stylish
25 verbose request uri https://registry.npmjs.org/file.jsasdasf
26 verbose request no auth needed
27 info attempt registry request try #1 at 10:52:45 AM
28 http request GET https://registry.npmjs.org/file.jsasdasf
29 http 304 https://registry.npmjs.org/gulp-tslint-stylish
30 verbose headers { date: 'Fri, 15 Apr 2016 14:52:47 GMT',
30 verbose headers   via: '1.1 varnish',
30 verbose headers   'cache-control': 'max-age=300',
30 verbose headers   etag: '"57YKM8EU13KSAMV2CCFPMPE0O"',
30 verbose headers   age: '106',
30 verbose headers   connection: 'keep-alive',
30 verbose headers   'x-served-by': 'cache-lax1433-LAX',
30 verbose headers   'x-cache': 'HIT',
30 verbose headers   'x-cache-hits': '1',
30 verbose headers   'x-timer': 'S1460731967.192076,VS0,VE0',
30 verbose headers   vary: 'Accept-Encoding' }
31 silly get cb [ 304,
31 silly get   { date: 'Fri, 15 Apr 2016 14:52:47 GMT',
31 silly get     via: '1.1 varnish',
31 silly get     'cache-control': 'max-age=300',
31 silly get     etag: '"57YKM8EU13KSAMV2CCFPMPE0O"',
31 silly get     age: '106',
31 silly get     connection: 'keep-alive',
31 silly get     'x-served-by': 'cache-lax1433-LAX',
31 silly get     'x-cache': 'HIT',
31 silly get     'x-cache-hits': '1',
31 silly get     'x-timer': 'S1460731967.192076,VS0,VE0',
31 silly get     vary: 'Accept-Encoding' } ]
32 verbose etag https://registry.npmjs.org/gulp-tslint-stylish from cache
33 verbose get saving gulp-tslint-stylish to /Users/Rebecca/.npm/registry.npmjs.org/gulp-tslint-stylish/.cache.json
34 http 404 https://registry.npmjs.org/file.jsasdasf
35 verbose headers { 'content-type': 'application/json',
35 verbose headers   'cache-control': 'max-age=0',
35 verbose headers   'content-length': '2',
35 verbose headers   'accept-ranges': 'bytes',
35 verbose headers   date: 'Fri, 15 Apr 2016 14:52:47 GMT',
35 verbose headers   via: '1.1 varnish',
35 verbose headers   age: '0',
35 verbose headers   connection: 'keep-alive',
35 verbose headers   'x-served-by': 'cache-lax1429-LAX',
35 verbose headers   'x-cache': 'MISS',
35 verbose headers   'x-cache-hits': '0',
35 verbose headers   'x-timer': 'S1460731967.179004,VS0,VE342',
35 verbose headers   vary: 'Accept-Encoding' }
36 silly get cb [ 404,
36 silly get   { 'content-type': 'application/json',
36 silly get     'cache-control': 'max-age=0',
36 silly get     'content-length': '2',
36 silly get     'accept-ranges': 'bytes',
36 silly get     date: 'Fri, 15 Apr 2016 14:52:47 GMT',
36 silly get     via: '1.1 varnish',
36 silly get     age: '0',
36 silly get     connection: 'keep-alive',
36 silly get     'x-served-by': 'cache-lax1429-LAX',
36 silly get     'x-cache': 'MISS',
36 silly get     'x-cache-hits': '0',
36 silly get     'x-timer': 'S1460731967.179004,VS0,VE342',
36 silly get     vary: 'Accept-Encoding' } ]
37 silly fetchPackageMetaData Error: Registry returned 404 for GET on https://registry.npmjs.org/file.jsasdasf
37 silly fetchPackageMetaData     at makeError (/usr/local/lib/node_modules/npm/node_modules/npm-registry-client/lib/request.js:264:12)
37 silly fetchPackageMetaData     at CachingRegistryClient.<anonymous> (/usr/local/lib/node_modules/npm/node_modules/npm-registry-client/lib/request.js:242:14)
37 silly fetchPackageMetaData     at Request._callback (/usr/local/lib/node_modules/npm/node_modules/npm-registry-client/lib/request.js:172:14)
37 silly fetchPackageMetaData     at Request.self.callback (/usr/local/lib/node_modules/npm/node_modules/request/request.js:198:22)
37 silly fetchPackageMetaData     at Request.emit (events.js:110:17)
37 silly fetchPackageMetaData     at Request.<anonymous> (/usr/local/lib/node_modules/npm/node_modules/request/request.js:1035:10)
37 silly fetchPackageMetaData     at Request.emit (events.js:129:20)
37 silly fetchPackageMetaData     at IncomingMessage.<anonymous> (/usr/local/lib/node_modules/npm/node_modules/request/request.js:962:12)
37 silly fetchPackageMetaData     at IncomingMessage.emit (events.js:129:20)
37 silly fetchPackageMetaData     at _stream_readable.js:908:16
37 silly fetchPackageMetaData  error for file.jsasdasf { [Error: Registry returned 404 for GET on https://registry.npmjs.org/file.jsasdasf] pkgid: 'file.jsasdasf', statusCode: 404, code: 'E404' }
38 silly rollbackFailedOptional Starting
39 silly rollbackFailedOptional Finishing
40 silly runTopLevelLifecycles Starting
41 silly runTopLevelLifecycles Finishing
42 silly install printInstalled
43 verbose stack Error: Registry returned 404 for GET on https://registry.npmjs.org/file.jsasdasf
43 verbose stack     at makeError (/usr/local/lib/node_modules/npm/node_modules/npm-registry-client/lib/request.js:264:12)
43 verbose stack     at CachingRegistryClient.<anonymous> (/usr/local/lib/node_modules/npm/node_modules/npm-registry-client/lib/request.js:242:14)
43 verbose stack     at Request._callback (/usr/local/lib/node_modules/npm/node_modules/npm-registry-client/lib/request.js:172:14)
43 verbose stack     at Request.self.callback (/usr/local/lib/node_modules/npm/node_modules/request/request.js:198:22)
43 verbose stack     at Request.emit (events.js:110:17)
43 verbose stack     at Request.<anonymous> (/usr/local/lib/node_modules/npm/node_modules/request/request.js:1035:10)
43 verbose stack     at Request.emit (events.js:129:20)
43 verbose stack     at IncomingMessage.<anonymous> (/usr/local/lib/node_modules/npm/node_modules/request/request.js:962:12)
43 verbose stack     at IncomingMessage.emit (events.js:129:20)
43 verbose stack     at _stream_readable.js:908:16
44 verbose statusCode 404
45 verbose pkgid file.jsasdasf
46 verbose cwd /Users/Rebecca/wdi8/lessons/build-tools/gulp-example
47 error Darwin 15.0.0
48 error argv "node" "/usr/local/bin/npm" "install" "gulp-tslint-stylish" "--save-devjshint" "--reporter=node_modules/jshint-stylish" "file.jsasdasf"
49 error node v0.12.0
50 error npm  v3.5.3
51 error code E404
52 error 404 Registry returned 404 for GET on https://registry.npmjs.org/file.jsasdasf
53 error 404
54 error 404 'file.jsasdasf' is not in the npm registry.
55 error 404 You should bug the author to publish it (or use the name yourself!)
56 error 404 Note that you can also install from a
57 error 404 tarball, folder, http url, or git url.
58 verbose exit [ 1, true ]
